app/build/intermediates/manifest_merge_blame_file/debug/manifest-merger-blame-debug-report.txt
1<?xml version="1.0" encoding="utf-8"?>
2<manifest xmlns:android="http://schemas.android.com/apk/res/android"
3    package="com.gbikna.agency"
4    android:versionCode="11056"
5    android:versionName="1.02.2023101411" >
6
7    <uses-sdk
8        android:minSdkVersion="23"
8-->src\main\AndroidManifest.xml
9        android:targetSdkVersion="28" />
9-->src\main\AndroidManifest.xml
10
11    <uses-permission android:name="android.permission.ACCESS_COARSE_LOCATION" />
11-->src\main\AndroidManifest.xml:6:5-81
11-->src\main\AndroidManifest.xml:6:22-78
12    <uses-permission android:name="android.permission.ACCESS_FINE_LOCATION" />
12-->src\main\AndroidManifest.xml:7:5-79
12-->src\main\AndroidManifest.xml:7:22-76
13    <uses-permission android:name="android.permission.CLOUDPOS_EMV" />
13-->src\main\AndroidManifest.xml:8:5-71
13-->src\main\AndroidManifest.xml:8:22-68
14    <uses-permission android:name="android.permission.CLOUDPOS_MSR" /> <!-- Printer -->
14-->src\main\AndroidManifest.xml:9:5-71
14-->src\main\AndroidManifest.xml:9:22-68
15    <uses-permission android:name="android.permission.CLOUDPOS_PRINTER" /> <!-- LED -->
15-->src\main\AndroidManifest.xml:10:5-75
15-->src\main\AndroidManifest.xml:10:22-72
16    <uses-permission android:name="android.permission.CLOUDPOS_LED" /> <!-- Pinpad -->
16-->src\main\AndroidManifest.xml:11:5-71
16-->src\main\AndroidManifest.xml:11:22-68
17    <uses-permission android:name="android.permission.CLOUDPOS_PINPAD" />
17-->src\main\AndroidManifest.xml:12:5-74
17-->src\main\AndroidManifest.xml:12:22-71
18    <uses-permission android:name="android.permission.CLOUDPOS_PIN_GET_PIN_BLOCK" />
18-->src\main\AndroidManifest.xml:13:5-85
18-->src\main\AndroidManifest.xml:13:22-82
19    <uses-permission android:name="android.permission.CLOUDPOS_PIN_MAC" />
19-->src\main\AndroidManifest.xml:14:5-75
19-->src\main\AndroidManifest.xml:14:22-72
20    <uses-permission android:name="android.permission.CLOUDPOS_PIN_ENCRYPT_DATA" />
20-->src\main\AndroidManifest.xml:15:5-84
20-->src\main\AndroidManifest.xml:15:22-81
21    <uses-permission android:name="android.permission.CLOUDPOS_PIN_UPDATE_USER_KEY" />
21-->src\main\AndroidManifest.xml:16:5-87
21-->src\main\AndroidManifest.xml:16:22-84
22    <uses-permission android:name="android.permission.CLOUDPOS_PIN_UPDATE_MASTER_KEY" /> <!-- SAFE_MODULE -->
22-->src\main\AndroidManifest.xml:17:5-89
22-->src\main\AndroidManifest.xml:17:22-86
23    <uses-permission android:name="android.permission.CLOUDPOS_SAFE_MODULE_READONLY" />
23-->src\main\AndroidManifest.xml:18:5-88
23-->src\main\AndroidManifest.xml:18:22-85
24    <uses-permission android:name="android.permission.CLOUDPOS_SAFE_MODULE" />
24-->src\main\AndroidManifest.xml:19:5-79
24-->src\main\AndroidManifest.xml:19:22-76
25    <uses-permission android:name="android.permission.INTERNET" />
25-->src\main\AndroidManifest.xml:20:5-67
25-->src\main\AndroidManifest.xml:20:22-64
26    <uses-permission android:name="android.permission.ACCESS_NETWORK_STATE" />
26-->src\main\AndroidManifest.xml:21:5-79
26-->src\main\AndroidManifest.xml:21:22-76
27    <uses-permission android:name="android.permission.CLOUDPOS_SMARTCARD" />
27-->src\main\AndroidManifest.xml:22:5-77
27-->src\main\AndroidManifest.xml:22:22-74
28    <uses-permission android:name="android.permission.CLOUDPOS_CONTACTLESS_CARD" />
28-->src\main\AndroidManifest.xml:23:5-84
28-->src\main\AndroidManifest.xml:23:22-81
29    <uses-permission android:name="android.permission.READ_EXTERNAL_STORAGE" />
29-->src\main\AndroidManifest.xml:24:5-80
29-->src\main\AndroidManifest.xml:24:22-77
30    <uses-permission android:name="android.permission.WRITE_EXTERNAL_STORAGE" />
30-->src\main\AndroidManifest.xml:25:5-81
30-->src\main\AndroidManifest.xml:25:22-78
31    <!-- <uses-permission android:name="android.permission.RECEIVE_BOOT_COMPLETED" /> -->
32    <uses-permission android:name="android.permission.ACCESS_FINE_LOCATION" />
32-->src\main\AndroidManifest.xml:7:5-79
32-->src\main\AndroidManifest.xml:7:22-76
33    <uses-permission android:name="android.permission.ACCESS_COARSE_LOCATION" />
33-->src\main\AndroidManifest.xml:6:5-81
33-->src\main\AndroidManifest.xml:6:22-78
34    <uses-permission android:name="android.permission.CAMERA" />
34-->src\main\AndroidManifest.xml:29:5-65
34-->src\main\AndroidManifest.xml:29:22-62
35    <uses-permission android:name="android.permission.WRITE_INTERNAL_STORAGE" />
35-->src\main\AndroidManifest.xml:30:5-81
35-->src\main\AndroidManifest.xml:30:22-78
36    <uses-permission android:name="android.permission.USE_BIOMETRIC" />
36-->[androidx.biometric:biometric:1.0.1] AndroidManifest.xml:24:5-72
36-->[androidx.biometric:biometric:1.0.1] AndroidManifest.xml:24:22-69
37    <uses-permission android:name="android.permission.USE_FINGERPRINT" /> <!-- To allow starting foreground services on Android P+ - https://developer.android.com/preview/behavior-changes#fg-svc -->
37-->[androidx.biometric:biometric:1.0.1] AndroidManifest.xml:25:5-74
37-->[androidx.biometric:biometric:1.0.1] AndroidManifest.xml:25:22-71
38    <uses-permission android:name="android.permission.FOREGROUND_SERVICE" />
38-->[com.liulishuo.filedownloader:library:1.7.6] AndroidManifest.xml:9:5-77
38-->[com.liulishuo.filedownloader:library:1.7.6] AndroidManifest.xml:9:22-74
39
40    <application
40-->src\main\AndroidManifest.xml:32:5-209:19
41        android:name="com.gbikna.sample.MyApplication"
41-->src\main\AndroidManifest.xml:33:9-38
42        android:allowBackup="true"
42-->src\main\AndroidManifest.xml:34:9-35
43        android:appComponentFactory="androidx.core.app.CoreComponentFactory"
43-->[androidx.core:core:1.3.1] AndroidManifest.xml:24:18-86
44        android:debuggable="true"
45        android:extractNativeLibs="false"
46        android:hardwareAccelerated="false"
46-->src\main\AndroidManifest.xml:35:9-44
47        android:icon="@drawable/logo"
47-->src\main\AndroidManifest.xml:36:9-38
48        android:label="@string/app_name"
48-->src\main\AndroidManifest.xml:37:9-41
49        android:roundIcon="@drawable/logo"
49-->src\main\AndroidManifest.xml:38:9-43
50        android:supportsRtl="true"
50-->src\main\AndroidManifest.xml:39:9-35
51        android:testOnly="true"
52        android:theme="@style/Theme.BankingApp" >
52-->src\main\AndroidManifest.xml:40:9-48
53        <activity android:name="com.gbikna.sample.etop.uploads.BusinessUpload" />
53-->src\main\AndroidManifest.xml:43:9-74
53-->src\main\AndroidManifest.xml:43:19-62
54        <activity android:name="com.gbikna.sample.etop.uploads.PersonalUpload" />
54-->src\main\AndroidManifest.xml:44:9-65
54-->src\main\AndroidManifest.xml:44:19-62
55        <activity android:name="com.gbikna.sample.etop.edit.EditBank" />
55-->src\main\AndroidManifest.xml:45:9-56
55-->src\main\AndroidManifest.xml:45:19-53
56        <activity android:name="com.gbikna.sample.etop.edit.EditBusiness" />
56-->src\main\AndroidManifest.xml:46:9-60
56-->src\main\AndroidManifest.xml:46:19-57
57        <activity android:name="com.gbikna.sample.etop.edit.EditPersonalInfo" />
57-->src\main\AndroidManifest.xml:47:9-64
57-->src\main\AndroidManifest.xml:47:19-61
58        <activity android:name="com.gbikna.sample.etop.Security" />
58-->src\main\AndroidManifest.xml:48:9-51
58-->src\main\AndroidManifest.xml:48:19-48
59        <activity android:name="com.gbikna.sample.etop.MyAccounts" />
59-->src\main\AndroidManifest.xml:49:9-53
59-->src\main\AndroidManifest.xml:49:19-50
60        <activity android:name="com.gbikna.sample.etop.WalletExport" />
60-->src\main\AndroidManifest.xml:50:9-55
60-->src\main\AndroidManifest.xml:50:19-52
61        <activity android:name="com.gbikna.sample.etop.EodSummary" />
61-->src\main\AndroidManifest.xml:51:9-53
61-->src\main\AndroidManifest.xml:51:19-50
62        <activity android:name="com.gbikna.sample.etop.More" />
62-->src\main\AndroidManifest.xml:52:9-47
62-->src\main\AndroidManifest.xml:52:19-44
63        <activity android:name="com.gbikna.sample.etop.BuyTerminal" />
63-->src\main\AndroidManifest.xml:53:9-54
63-->src\main\AndroidManifest.xml:53:19-51
64        <activity android:name="com.gbikna.sample.etop.Messages" />
64-->src\main\AndroidManifest.xml:54:9-51
64-->src\main\AndroidManifest.xml:54:19-48
65        <activity android:name="com.gbikna.sample.etop.bills.PayTv" />
65-->src\main\AndroidManifest.xml:55:9-54
65-->src\main\AndroidManifest.xml:55:19-51
66        <activity android:name="com.gbikna.sample.etop.bills.Disco" />
66-->src\main\AndroidManifest.xml:56:9-54
66-->src\main\AndroidManifest.xml:56:19-51
67        <activity android:name="com.gbikna.sample.etop.bills.Data" />
67-->src\main\AndroidManifest.xml:57:9-53
67-->src\main\AndroidManifest.xml:57:19-50
68        <activity android:name="com.gbikna.sample.etop.bills.Vtu" />
68-->src\main\AndroidManifest.xml:58:9-52
68-->src\main\AndroidManifest.xml:58:19-49
69        <activity android:name="com.gbikna.sample.etop.ChangePin" />
69-->src\main\AndroidManifest.xml:59:9-52
69-->src\main\AndroidManifest.xml:59:19-49
70        <activity android:name="com.gbikna.sample.etop.wallet.Activities" />
70-->src\main\AndroidManifest.xml:60:9-60
70-->src\main\AndroidManifest.xml:60:19-57
71        <activity android:name="com.gbikna.sample.etop.LoadWallet" />
71-->src\main\AndroidManifest.xml:61:9-53
71-->src\main\AndroidManifest.xml:61:19-50
72        <activity android:name="com.gbikna.sample.etop.ChangePassword" />
72-->src\main\AndroidManifest.xml:62:9-57
72-->src\main\AndroidManifest.xml:62:19-54
73        <activity android:name="com.gbikna.sample.etop.RecoverySecond" />
73-->src\main\AndroidManifest.xml:63:9-57
73-->src\main\AndroidManifest.xml:63:19-54
74        <activity android:name="com.gbikna.sample.etop.RecoverPassword" />
74-->src\main\AndroidManifest.xml:64:9-58
74-->src\main\AndroidManifest.xml:64:19-55
75        <activity android:name="com.gbikna.sample.etop.Setpassword" />
75-->src\main\AndroidManifest.xml:65:9-54
75-->src\main\AndroidManifest.xml:65:19-51
76        <activity android:name="com.gbikna.sample.etop.BankInfo" />
76-->src\main\AndroidManifest.xml:66:9-51
76-->src\main\AndroidManifest.xml:66:19-48
77        <activity
77-->src\main\AndroidManifest.xml:67:9-70:67
78            android:name="com.gbikna.sample.etop.Recover"
78-->src\main\AndroidManifest.xml:68:13-41
79            android:label="@string/title_activity_recover"
79-->src\main\AndroidManifest.xml:69:13-59
80            android:theme="@style/Theme.BankingApp.NoActionBar" />
80-->src\main\AndroidManifest.xml:70:13-64
81
82        <!--
83        <service
84            android:name=".activity.MainActivity"
85            android:label="@string/app_name"
86            tools:ignore="Instantiatable">
87            <intent-filter>
88                <action android:name="com.gbikna.sample.magana.StartYorApp" />
89            </intent-filter>
90        </service>
91        -->
92
93
94        <!--
95        <receiver
96            android:name=".magana.StartYorApp"
97            android:label="StartMyServiceAtBootReceiver">
98            <intent-filter>
99                <action android:name="android.intent.action.BOOT_COMPLETED" />
100            </intent-filter>
101        </receiver>
102        -->
103
104        <activity
104-->src\main\AndroidManifest.xml:89:9-100:20
105            android:name="com.gbikna.sample.etop.Login"
105-->src\main\AndroidManifest.xml:90:13-39
106            android:screenOrientation="unspecified" >
106-->src\main\AndroidManifest.xml:91:13-52
107            <intent-filter>
107-->src\main\AndroidManifest.xml:92:13-99:29
108                <category android:name="android.intent.category.HOME" />
108-->src\main\AndroidManifest.xml:93:17-73
108-->src\main\AndroidManifest.xml:93:27-70
109                <category android:name="android.intent.category.DEFAULT" />
109-->src\main\AndroidManifest.xml:94:17-76
109-->src\main\AndroidManifest.xml:94:27-73
110
111                <action android:name="android.intent.action.MAIN" />
111-->src\main\AndroidManifest.xml:96:17-69
111-->src\main\AndroidManifest.xml:96:25-66
112
113                <category android:name="android.intent.category.LAUNCHER" />
113-->src\main\AndroidManifest.xml:98:17-77
113-->src\main\AndroidManifest.xml:98:27-74
114            </intent-filter>
115        </activity>
116        <activity android:name="com.gbikna.sample.activity.MainActivity" />
116-->src\main\AndroidManifest.xml:101:9-59
116-->src\main\AndroidManifest.xml:101:19-56
117        <!--
118        <activity
119            android:name=".activity.MainActivity"
120            android:screenOrientation="unspecified">
121            <intent-filter>
122                <category android:name="android.intent.category.HOME" />
123                <category android:name="android.intent.category.DEFAULT" />
124                <action android:name="android.intent.action.MAIN" />
125                <category android:name="android.intent.category.LAUNCHER" />
126            </intent-filter>
127        </activity>
128        -->
129        <activity android:name="com.gbikna.sample.etop.Profile" />
129-->src\main\AndroidManifest.xml:114:9-50
129-->src\main\AndroidManifest.xml:114:19-47
130        <activity android:name="com.gbikna.sample.etop.UploadImages" />
130-->src\main\AndroidManifest.xml:115:9-55
130-->src\main\AndroidManifest.xml:115:19-52
131        <activity android:name="com.gbikna.sample.etop.BussinessInformation" />
131-->src\main\AndroidManifest.xml:116:9-63
131-->src\main\AndroidManifest.xml:116:19-60
132        <activity android:name="com.gbikna.sample.etop.PersonalInformation" />
132-->src\main\AndroidManifest.xml:117:9-62
132-->src\main\AndroidManifest.xml:117:19-59
133        <activity android:name="com.gbikna.sample.etop.Terms" />
133-->src\main\AndroidManifest.xml:118:9-48
133-->src\main\AndroidManifest.xml:118:19-45
134        <activity android:name="com.gbikna.sample.etop.AmountInput" />
134-->src\main\AndroidManifest.xml:119:9-54
134-->src\main\AndroidManifest.xml:119:19-51
135        <activity android:name="com.gbikna.sample.etop.TransactionHistory" />
135-->src\main\AndroidManifest.xml:120:9-61
135-->src\main\AndroidManifest.xml:120:19-58
136        <activity android:name="com.gbikna.sample.etop.TransactionDetails" />
136-->src\main\AndroidManifest.xml:121:9-61
136-->src\main\AndroidManifest.xml:121:19-58
137        <activity android:name="com.gbikna.sample.etop.BillsPayment" />
137-->src\main\AndroidManifest.xml:122:9-55
137-->src\main\AndroidManifest.xml:122:19-52
138        <activity android:name="com.gbikna.sample.etop.Transfer" />
138-->src\main\AndroidManifest.xml:123:9-51
138-->src\main\AndroidManifest.xml:123:19-48
139        <activity android:name="com.gbikna.sample.etop.Purchase" />
139-->src\main\AndroidManifest.xml:124:9-51
139-->src\main\AndroidManifest.xml:124:19-48
140        <activity android:name="com.gbikna.sample.etop.Dashboard" />
140-->src\main\AndroidManifest.xml:125:9-52
140-->src\main\AndroidManifest.xml:125:19-49
141        <activity android:name="com.gbikna.sample.gbikna.Logout" />
141-->src\main\AndroidManifest.xml:126:9-51
141-->src\main\AndroidManifest.xml:126:19-48
142        <activity android:name="com.gbikna.sample.gbikna.card.activity.Reports" />
142-->src\main\AndroidManifest.xml:127:9-66
142-->src\main\AndroidManifest.xml:127:19-63
143        <activity android:name="com.gbikna.sample.gbikna.card.activity.Sync" />
143-->src\main\AndroidManifest.xml:128:9-63
143-->src\main\AndroidManifest.xml:128:19-60
144        <activity
144-->src\main\AndroidManifest.xml:129:9-131:40
145            android:name="com.gbikna.sample.gbikna.card.activity.PacketProcessActivity"
145-->src\main\AndroidManifest.xml:130:13-71
146            android:noHistory="true" />
146-->src\main\AndroidManifest.xml:131:13-37
147        <activity
147-->src\main\AndroidManifest.xml:132:9-134:39
148            android:name="com.gbikna.sample.gbikna.TransactionDetails"
148-->src\main\AndroidManifest.xml:133:13-54
149            android:label="Details" />
149-->src\main\AndroidManifest.xml:134:13-36
150        <activity
150-->src\main\AndroidManifest.xml:135:9-137:35
151            android:name="com.gbikna.sample.gbikna.card.activity.Fee"
151-->src\main\AndroidManifest.xml:136:13-53
152            android:label="Fee" />
152-->src\main\AndroidManifest.xml:137:13-32
153        <activity
153-->src\main\AndroidManifest.xml:138:9-140:44
154            android:name="com.gbikna.sample.gbikna.util.update.DemoActivity"
154-->src\main\AndroidManifest.xml:139:13-60
155            android:label="REMOTEUPDATE" />
155-->src\main\AndroidManifest.xml:140:13-41
156        <activity
156-->src\main\AndroidManifest.xml:141:9-143:48
157            android:name="com.gbikna.sample.gbikna.card.activity.AccountType"
157-->src\main\AndroidManifest.xml:142:13-61
158            android:label="@string/app_name" />
158-->src\main\AndroidManifest.xml:143:13-45
159        <activity
159-->src\main\AndroidManifest.xml:144:9-146:38
160            android:name="com.gbikna.sample.gbikna.card.activity.AmountInputActivity"
160-->src\main\AndroidManifest.xml:145:13-69
161            android:label="AMOUNT" />
161-->src\main\AndroidManifest.xml:146:13-35
162        <activity android:name="com.gbikna.sample.gbikna.card.activity.SearchCardActivity" /> <!-- android:theme="@style/Theme.Magana.NoActionBar" /> -->
162-->src\main\AndroidManifest.xml:147:9-77
162-->src\main\AndroidManifest.xml:147:19-74
163        <activity
163-->src\main\AndroidManifest.xml:148:9-150:55
164            android:name="com.gbikna.sample.activity.CpuCardActivity"
164-->src\main\AndroidManifest.xml:149:13-53
165            android:screenOrientation="unspecified" />
165-->src\main\AndroidManifest.xml:150:13-52
166        <activity
166-->src\main\AndroidManifest.xml:151:9-153:55
167            android:name="com.gbikna.sample.activity.M1CardActivity"
167-->src\main\AndroidManifest.xml:152:13-52
168            android:screenOrientation="unspecified" />
168-->src\main\AndroidManifest.xml:153:13-52
169        <activity
169-->src\main\AndroidManifest.xml:154:9-156:55
170            android:name="com.gbikna.sample.activity.CardReaderActivity"
170-->src\main\AndroidManifest.xml:155:13-56
171            android:screenOrientation="unspecified" />
171-->src\main\AndroidManifest.xml:156:13-52
172        <activity
172-->src\main\AndroidManifest.xml:157:9-159:55
173            android:name="com.gbikna.sample.activity.EmvActivity"
173-->src\main\AndroidManifest.xml:158:13-49
174            android:screenOrientation="unspecified" />
174-->src\main\AndroidManifest.xml:159:13-52
175        <activity
175-->src\main\AndroidManifest.xml:160:9-162:55
176            android:name="com.gbikna.sample.activity.SysActivity"
176-->src\main\AndroidManifest.xml:161:13-49
177            android:screenOrientation="unspecified" />
177-->src\main\AndroidManifest.xml:162:13-52
178        <activity
178-->src\main\AndroidManifest.xml:163:9-165:55
179            android:name="com.gbikna.sample.activity.LedActivity"
179-->src\main\AndroidManifest.xml:164:13-49
180            android:screenOrientation="unspecified" />
180-->src\main\AndroidManifest.xml:165:13-52
181        <activity
181-->src\main\AndroidManifest.xml:166:9-168:55
182            android:name="com.gbikna.sample.activity.PrintActivity"
182-->src\main\AndroidManifest.xml:167:13-51
183            android:screenOrientation="unspecified" />
183-->src\main\AndroidManifest.xml:168:13-52
184        <activity
184-->src\main\AndroidManifest.xml:169:9-171:55
185            android:name="com.gbikna.sample.activity.DeviceInfoActivity"
185-->src\main\AndroidManifest.xml:170:13-56
186            android:screenOrientation="unspecified" />
186-->src\main\AndroidManifest.xml:171:13-52
187        <activity
187-->src\main\AndroidManifest.xml:172:9-174:55
188            android:name="com.gbikna.sample.activity.BeepActivity"
188-->src\main\AndroidManifest.xml:173:13-50
189            android:screenOrientation="unspecified" />
189-->src\main\AndroidManifest.xml:174:13-52
190        <activity
190-->src\main\AndroidManifest.xml:175:9-177:55
191            android:name="com.gbikna.sample.activity.DukptActivity"
191-->src\main\AndroidManifest.xml:176:13-51
192            android:screenOrientation="unspecified" />
192-->src\main\AndroidManifest.xml:177:13-52
193        <activity
193-->src\main\AndroidManifest.xml:178:9-180:55
194            android:name="com.gbikna.sample.activity.IcCardActivity"
194-->src\main\AndroidManifest.xml:179:13-52
195            android:screenOrientation="unspecified" />
195-->src\main\AndroidManifest.xml:180:13-52
196        <activity
196-->src\main\AndroidManifest.xml:181:9-183:55
197            android:name="com.gbikna.sample.activity.AidManagerActivity"
197-->src\main\AndroidManifest.xml:182:13-56
198            android:screenOrientation="unspecified" />
198-->src\main\AndroidManifest.xml:183:13-52
199        <activity
199-->src\main\AndroidManifest.xml:184:9-186:55
200            android:name="com.gbikna.sample.activity.CapkManagerActivity"
200-->src\main\AndroidManifest.xml:185:13-57
201            android:screenOrientation="unspecified" />
201-->src\main\AndroidManifest.xml:186:13-52
202        <activity
202-->src\main\AndroidManifest.xml:187:9-189:55
203            android:name="com.gbikna.sample.activity.ScannerActivity"
203-->src\main\AndroidManifest.xml:188:13-53
204            android:screenOrientation="unspecified" />
204-->src\main\AndroidManifest.xml:189:13-52
205        <activity
205-->src\main\AndroidManifest.xml:190:9-192:53
206            android:name="com.gbikna.sample.activity.SignActivity"
206-->src\main\AndroidManifest.xml:191:13-50
207            android:screenOrientation="landscape" />
207-->src\main\AndroidManifest.xml:192:13-50
208        <activity
208-->src\main\AndroidManifest.xml:193:9-195:55
209            android:name="com.gbikna.sample.activity.PinPad3DesActivity"
209-->src\main\AndroidManifest.xml:194:13-56
210            android:screenOrientation="unspecified" />
210-->src\main\AndroidManifest.xml:195:13-52
211        <activity
211-->src\main\AndroidManifest.xml:196:9-198:55
212            android:name="com.gbikna.sample.activity.PressurePrintActivity"
212-->src\main\AndroidManifest.xml:197:13-59
213            android:screenOrientation="unspecified" />
213-->src\main\AndroidManifest.xml:198:13-52
214
215        <provider
216            android:name="androidx.core.content.FileProvider"
216-->src\main\AndroidManifest.xml:201:13-62
217            android:authorities="com.gbikna.agency.provider"
217-->src\main\AndroidManifest.xml:202:13-60
218            android:exported="false"
218-->src\main\AndroidManifest.xml:203:13-37
219            android:grantUriPermissions="true" >
219-->src\main\AndroidManifest.xml:204:13-47
220            <meta-data
220-->src\main\AndroidManifest.xml:205:13-207:58
221                android:name="android.support.FILE_PROVIDER_PATHS"
221-->src\main\AndroidManifest.xml:206:17-67
222                android:resource="@xml/provider_paths" />
222-->src\main\AndroidManifest.xml:207:17-55
223        </provider>
224
225        <activity
225-->[androidx.biometric:biometric:1.0.1] AndroidManifest.xml:28:9-31:67
226            android:name="androidx.biometric.DeviceCredentialHandlerActivity"
226-->[androidx.biometric:biometric:1.0.1] AndroidManifest.xml:29:13-78
227            android:exported="true"
227-->[androidx.biometric:biometric:1.0.1] AndroidManifest.xml:30:13-36
228            android:theme="@style/DeviceCredentialHandlerTheme" />
228-->[androidx.biometric:biometric:1.0.1] AndroidManifest.xml:31:13-64
229
230        <provider
230-->[androidx.lifecycle:lifecycle-process:2.0.0] AndroidManifest.xml:23:9-27:43
231            android:name="androidx.lifecycle.ProcessLifecycleOwnerInitializer"
231-->[androidx.lifecycle:lifecycle-process:2.0.0] AndroidManifest.xml:24:13-79
232            android:authorities="com.gbikna.agency.lifecycle-process"
232-->[androidx.lifecycle:lifecycle-process:2.0.0] AndroidManifest.xml:25:13-69
233            android:exported="false"
233-->[androidx.lifecycle:lifecycle-process:2.0.0] AndroidManifest.xml:26:13-37
234            android:multiprocess="true" />
234-->[androidx.lifecycle:lifecycle-process:2.0.0] AndroidManifest.xml:27:13-40
235
236        <service android:name="com.liulishuo.filedownloader.services.FileDownloadService$SharedMainProcessService" />
236-->[com.liulishuo.filedownloader:library:1.7.6] AndroidManifest.xml:12:9-118
236-->[com.liulishuo.filedownloader:library:1.7.6] AndroidManifest.xml:12:18-115
237        <service
237-->[com.liulishuo.filedownloader:library:1.7.6] AndroidManifest.xml:13:9-15:49
238            android:name="com.liulishuo.filedownloader.services.FileDownloadService$SeparateProcessService"
238-->[com.liulishuo.filedownloader:library:1.7.6] AndroidManifest.xml:14:13-108
239            android:process=":filedownloader" />
239-->[com.liulishuo.filedownloader:library:1.7.6] AndroidManifest.xml:15:13-46
240    </application>
241
242</manifest>